<?xml version="1.0" encoding="UTF-8"?>
<!-- Generated by org.testng.reporters.JUnitReportReporter -->
<testsuite hostname="LAPTOP-DOBLN3AU" failures="0" tests="1" name="com.ninjademo.qa.tests.TestSearchPage" time="5.972" errors="0" timestamp="2024-01-17T11:25:50 IST" skipped="0">
  <testcase classname="com.ninjademo.qa.tests.TestSearchPage" name="test_searchProduct" time="5.972"/>
  <system-out/>
</testsuite> <!-- com.ninjademo.qa.tests.TestSearchPage -->
