<?xml version="1.0" encoding="UTF-8"?>
<!-- Generated by org.testng.reporters.JUnitReportReporter -->
<testsuite hostname="LAPTOP-DOBLN3AU" failures="0" tests="1" name="com.ninjademo.qa.tests.TestLoginpage" time="13.963" errors="0" timestamp="2024-01-17T11:25:50 IST" skipped="0">
  <testcase classname="com.ninjademo.qa.tests.TestLoginpage" name="test_login" time="13.963"/>
  <system-out/>
</testsuite> <!-- com.ninjademo.qa.tests.TestLoginpage -->
