<?xml version="1.0" encoding="UTF-8"?>
<!-- Generated by org.testng.reporters.JUnitReportReporter -->
<testsuite hostname="LAPTOP-DOBLN3AU" failures="0" tests="1" name="com.ninjademo.qa.tests.TestProductPage" time="16.898" errors="0" timestamp="2024-01-17T11:28:30 IST" skipped="0">
  <testcase classname="com.ninjademo.qa.tests.TestProductPage" name="addproducttoCartTest" time="16.898"/>
  <system-out/>
</testsuite> <!-- com.ninjademo.qa.tests.TestProductPage -->
